






    ***************          I N P U T  D A T A          **********



              Header  :   Carbon-like Iron                                           

        Closed shell  :   1s                                                         

       Reference Set  :  2s(2)2p(2)                                                  

          Active Set  :  2s,2p                                                       

        Replacements  :                                                              

         Final Terms  :  1S                                                          



      GENERATE ALL COUPLINGS FOR EACH MEMBER  OF THE REFERENCE SET


 
         -------------        Carbon-like Iron   --------

          Closed Shells  :   1s 

          Configuration  :   2s( 2)   2p( 2)
        Their couplings  :       1S0     1S0     1S0


      GENERATE ALL POSSIBLE CONFIGURATIONS FROM THE   ACTIVE SET


 
         -------------        Carbon-like Iron   --------

          Closed Shells  :   1s                                                         

             Active Set  :  2s,2p                                                       

          Configurations  :
                            2s ( 0) 2p ( 4)


    LIST THE COUPLINGS FOR EACH CONFIGURATION GENERATED BY THE ACTIVE SET


 
         -------------        Carbon-like Iron   --------

          Closed Shells  :   1s 

          Configuration  :   2s( 0)   2p( 4)
        Their couplings  :       1S0     1S0     1S0



                    ============================
                       N O N - W E I G H T S    
                    ============================



 STATE  (WITH  2 CONFIGURATIONS):
 -------------------------------


 THERE ARE  2 ORBITALS AS FOLLOWS:

       2s  2p

 THERE ARE  1 CLOSED SUBSHELLS COMMON TO ALL CONFIGURATIONS AS FOLLOWS:

       1s

 CONFIGURATION  1 ( OCCUPIED ORBITALS= 2 ):  2s( 2)  2p( 2)
                           COUPLING SCHEME:     1S0     1S0
                                                           1S0

 CONFIGURATION  2 ( OCCUPIED ORBITALS= 2 ):  2s( 0)  2p( 4)
                           COUPLING SCHEME:     1S0     1S0
                                                           1S0
  Carbon-like Iron                                                      
 F 0( 2s, 2s)    1
 F 0( 2s, 2p)    2
 F 0( 2p, 2p)    4
 F 2( 2p, 2p)    5
 *
    1.00000000F  1  1
    4.00000000F  1  1
    1.00000000F  1  1
    6.00000000F  2  2
    0.40000000F  1  1
              *                 
 G 1( 2s, 2p)    1
 *
   -0.66666667G  1  1
              *                 
 *
 *
 R 1( 2s 2s, 2p 2p)    1
 *
   -0.66666667R  2  1  0
              *                       
 L  ( 2s, 2s)    1
 L  ( 2p, 2p)    3
 *
   -1.00000000L  1  1  0
   -1.00000000L  1  1  0
   -2.00000000L  2  2  0
              *               
 *
              *               
 *
              *               
 *
              *               
 *
              *               



                    ===================
                      MCHF  ...  1988
                    ===================


          THE DIMENSIONS FOR THE CURRENT VERSION ARE:
            NCFG=100       NWF= 30        NO=220



 Fe+20 1S       26.   220  3  3  2  F  T

  F.1D-09.1D-06 12  00.0  0  T  F



          WEAK ORTHOGONALIZATION DURING THE SCF CYCLE=   F
          ACCELERATING PARAMETER FOR MCHF ITERATION  = 0.00
          SCF CONVERGENCE TOLERANCE (FUNCTIONS)      = 1.00D-07
          NUMBER OF POINTS IN THE MAXIMUM RANGE      = 220
          RELATIVISTIC DIAGONAL  ENERGY CORRECTIONS  =   F


          TOTAL ENERGY =     -930.574082260

      WEIGHTS
  1  0.9771  2  0.2129


          ITERATION NUMBER  1
          ----------------

          CONVERGENCE CRITERIA:ENERGY  (CFGTOL)            =  1.0D-10
                              :FUNCTION(SCFTOL*SQRT(Z*NWF))=  8.8D-07

          C( 1s 2s) =    -0.74407   V( 1s 2s) =    41.99021   EPS = 0.017720
          E( 2s 1s) =    -4.93038   E( 1s 2s) =    -4.70699

                     EL         ED             AZ           NORM       DPM
      < 1s| 2s>=-1.9D-03
                     1s    601.9759081    261.7236339   1.3734293    6.95D-02
      < 1s| 2s>=-8.4D-04
                     2s    127.7279918     82.3336795   1.0846831    6.24D-02
                     2p    121.2688371    579.9407964   1.0818028    8.00D-02


          TOTAL ENERGY =     -931.389574426

      WEIGHTS
  1  0.9768  2  0.2142

      LEAST SELF-CONSISTENT FUNCTION IS  2p :WEIGHTED MAXIMUM CHANGE =  1.16D-01


          ITERATION NUMBER  2
          ----------------

          CONVERGENCE CRITERIA:ENERGY  (CFGTOL)            =  1.4D-10
                              :FUNCTION(SCFTOL*SQRT(Z*NWF))=  1.8D-06

          C( 1s 2s) =    -0.06936   V( 1s 2s) =    43.66809   EPS = 0.001588
          E( 2s 1s) =    -4.50156   E( 1s 2s) =    -4.29539

                     EL         ED             AZ           NORM       DPM
      < 2s| 1s>=-2.3D-07
                     1s    602.5709493    261.8298717   1.0000027    2.19D-04
      < 1s| 2s>= 4.2D-06
                     2s    128.2383529     82.2304448   0.9988227    4.34D-03
                     2p    121.6559336    581.2924670   0.9997417    2.91D-03


          TOTAL ENERGY =     -931.390481471

      WEIGHTS
  1  0.9768  2  0.2142

      LEAST SELF-CONSISTENT FUNCTION IS  2s :WEIGHTED MAXIMUM CHANGE =  5.99D-03


          ITERATION NUMBER  3
          ----------------

          CONVERGENCE CRITERIA:ENERGY  (CFGTOL)            =  2.0D-10
                              :FUNCTION(SCFTOL*SQRT(Z*NWF))=  3.5D-06

          C( 1s 2s) =    -0.00061   V( 1s 2s) =    43.44231   EPS = 0.000014
          E( 2s 1s) =    -4.51452   E( 1s 2s) =    -4.30747

                     EL         ED             AZ           NORM       DPM
      < 1s| 2s>=-7.7D-09
                     1s    602.5084194    261.8311044   1.0000015    1.78D-05
      < 1s| 2s>=-1.0D-08
                     2s    128.2233499     82.2224390   1.0000261    9.44D-05
                     2p    121.6479487    581.2665973   1.0000097    8.97D-05


          TOTAL ENERGY =     -931.390482349

      WEIGHTS
  1  0.9768  2  0.2142

      LEAST SELF-CONSISTENT FUNCTION IS  2s :WEIGHTED MAXIMUM CHANGE =  1.30D-04


          ITERATION NUMBER  4
          ----------------

          CONVERGENCE CRITERIA:ENERGY  (CFGTOL)            =  2.7D-10
                              :FUNCTION(SCFTOL*SQRT(Z*NWF))=  7.1D-06

          C( 1s 2s) =     0.00002   V( 1s 2s) =    43.43824   EPS = 0.000000
          E( 2s 1s) =    -4.51418   E( 1s 2s) =    -4.30715

                     EL         ED             AZ           NORM       DPM
      < 1s| 2s>= 8.8D-10
                     1s    602.5099370    261.8310815   1.0000000    4.59D-07
      < 1s| 2s>= 2.9D-09
                     2s    128.2237679     82.2226857   0.9999992    2.78D-06
                     2p    121.6481920    581.2674379   0.9999997    2.70D-06


          TOTAL ENERGY =     -931.390482349

      WEIGHTS
  1  0.9768  2  0.2142

      LEAST SELF-CONSISTENT FUNCTION IS  2p :WEIGHTED MAXIMUM CHANGE =  3.91D-06


          ITERATION NUMBER  5
          ----------------

          CONVERGENCE CRITERIA:ENERGY  (CFGTOL)            =  3.8D-10
                              :FUNCTION(SCFTOL*SQRT(Z*NWF))=  1.4D-05

          C( 1s 2s) =     0.00000   V( 1s 2s) =    43.43824   EPS = 0.000000
          E( 2s 1s) =    -4.51419   E( 1s 2s) =    -4.30716

                     EL         ED             AZ           NORM       DPM
      < 1s| 2s>= 4.8D-10
                     1s    602.5098903    261.8310820   1.0000000    1.24D-08
      < 1s| 2s>= 2.2D-09
                     2s    128.2237554     82.2226785   1.0000000    8.47D-08
                     2p    121.6481846    581.2674129   1.0000000    8.14D-08


          TOTAL ENERGY =     -931.390482349

      WEIGHTS
  1  0.9768  2  0.2142


     ENERGY (a.u.)
     ------
           Total                -931.390482349
           Potential           -1862.780962832
           Kinetic               931.390480483
           Ratio                   2.000000002
   Fe+20 1S      -931.3904823
  1s
  2s( 2)  2p( 2)                         0.9767993
     1S0     1S0     1S0                                                
  2s( 0)  2p( 4)                         0.2141567
     1S0     1S0     1S0                                                
*







    ***************          I N P U T  D A T A          **********



              Header  :   Carbon-like Iron                                           

        Closed shell  :   1s                                                         

       Reference Set  :  2s(2)2p(2)                                                  

                             2  :  2p(4)                                                       

          Active Set  :                                                              

        Replacements  :                                                              

         Final Terms  :                                                              



      GENERATE ALL COUPLINGS FOR EACH MEMBER  OF THE REFERENCE SET


 
         -------------        Carbon-like Iron   --------

          Closed Shells  :   1s 

          Configuration  :   2s( 2)   2p( 2)
        Their couplings  :       1S0     1S0     1S0
                                 1S0     1D2     1D0
                                 1S0     3P2     3P0


      GENERATE ALL COUPLINGS FOR EACH MEMBER  OF THE REFERENCE SET


 
         -------------        Carbon-like Iron   --------

          Closed Shells  :   1s 

          Configuration  :   2p( 4)
        Their couplings  :       1S0
                                 1D2
                                 3P2
  Carbon-like Iron                                           
  1s                                                                     
  2s( 2)  2p( 2)
     1S0     1S0     1S0
  2s( 2)  2p( 2)
     1S0     1D2     1D0
  2s( 2)  2p( 2)
     1S0     3P2     3P0
  2p( 4)
     1S0
  2p( 4)
     1D2
  2p( 4)
     3P2

                    =======================
                     B R E I T - P A U L I 
                    =======================





 THE TYPE OF CALCULATION IS DEFINED BY THE FOLLOWING PARAMETERS - 
      BREIT-PAULI OPERATORS             IREL   = 2
      PHASE CONVENTION PARAMETER        ICSTAS = 1

1



                             ---------------------
                             THE CONFIGURATION SET
                             ---------------------





 STATE  (WITH  6 CONFIGURATIONS):
 -------------------------------


 THERE ARE  2 ORBITALS AS FOLLOWS:

       2s  2p

 THERE ARE  1 CLOSED SUBSHELLS COMMON TO ALL CONFIGURATIONS AS FOLLOWS:

       1s

 CONFIGURATION  1 ( OCCUPIED ORBITALS= 2 ):  2s( 2)  2p( 2)
                           COUPLING SCHEME:     1S0     1S0
                                                           1S0

 CONFIGURATION  2 ( OCCUPIED ORBITALS= 2 ):  2s( 2)  2p( 2)
                           COUPLING SCHEME:     1S0     1D2
                                                           1D0

 CONFIGURATION  3 ( OCCUPIED ORBITALS= 2 ):  2s( 2)  2p( 2)
                           COUPLING SCHEME:     1S0     3P2
                                                           3P0

 CONFIGURATION  4 ( OCCUPIED ORBITALS= 1 ):  2p( 4)
                           COUPLING SCHEME:     1S0

 CONFIGURATION  5 ( OCCUPIED ORBITALS= 1 ):  2p( 4)
                           COUPLING SCHEME:     1D2

 CONFIGURATION  6 ( OCCUPIED ORBITALS= 1 ):  2p( 4)
                           COUPLING SCHEME:     3P2


 MATRIX ELEMENTS CONSTRUCTED USING THE SPHERICAL HARMONIC PHASE CONVENTION OF

                CONDON AND SHORTLEY, THEORY OF ATOMIC STRUCTURE
                -----------------------------------------------



  Carbon-like Iron                                                      
 F 0( 2s, 2s)    3
 F 0( 2s, 2p)    6
 F 0( 2p, 2p)   12
 F 2( 2p, 2p)   17
 *
    1.00000000F  1  1
    1.00000000F  3  3
    1.00000000F  2  2
    4.00000000F  3  3
    4.00000000F  1  1
    4.00000000F  2  2
    1.00000000F  2  2
    6.00000000F  5  5
    1.00000000F  1  1
    6.00000000F  6  6
    1.00000000F  3  3
    6.00000000F  4  4
   -0.20000000F  3  3
    0.04000000F  2  2
   -0.36000000F  5  5
    0.40000000F  1  1
   -0.60000000F  6  6
              *                 
 G 1( 2s, 2p)    3
 *
   -0.66666667G  1  1
   -0.66666667G  2  2
   -0.66666667G  3  3
              *                 
 *
 *
 R 1( 2s 2s, 2p 2p)    3
 *
   -0.66666667R  4  1
    0.33333333R  5  2
    0.33333333R  6  3
              *                 
 L  ( 2s, 2s)    3
 L  ( 2p, 2p)    9
 *
   -1.00000000L  1  1
   -1.00000000L  3  3
   -1.00000000L  2  2
   -1.00000000L  2  2
   -1.00000000L  1  1
   -1.00000000L  3  3
   -2.00000000L  4  4
   -2.00000000L  5  5
   -2.00000000L  6  6
              *                 
 Z  ( 2p, 2p)    6
 *
    4.89897949Z  3  1
   -5.47722558Z  3  2
    6.00000000Z  3  3
   -4.89897949Z  6  4
    5.47722558Z  6  5
   -6.00000000Z  6  6
              *                 
 N-1( 2s 2s, 2p 2p)    3
 N 0( 2p 2s, 2p 2s)    6
 N 0( 2p 2p, 2p 2p)   17
 N 1( 2s 2s, 2p 2p)   20
 N 2( 2p 2p, 2p 2p)   24
 *
  -12.00000000N  3  3
   -9.79795897N  3  1
   10.95445115N  3  2
   -9.79795897N  3  1
  -12.00000000N  3  3
   10.95445115N  3  2
  -18.00000000N  6  6
   -5.47722558N  6  5
    7.83836718N  6  4
   -5.47722558N  3  2
   -4.16269144N  3  2
  -16.65076575N  6  5
    1.95959179N  3  1
    4.89897949N  3  1
    4.89897949N  6  4
  -18.00000000N  3  3
  -18.00000000N  3  3
    6.00000000N  3  3
   -5.47722558N  3  2
    4.89897949N  3  1
    2.93938769N  6  4
    1.31453414N  3  2
   -1.31453414N  6  5
   -2.93938769N  3  1
              *                 
 V 0( 2s 2s, 2p 2p)    3
 V 0( 2p 2s, 2s 2p)   11
 V 1( 2p 2p, 2p 2p)   15
 *
   -4.89897949V  3  1
   -6.00000000V  3  3
    5.47722558V  3  2
   -4.00000000V  6  3
   -5.47722558V  3  2
    3.65148372V  6  2
    4.89897949V  3  1
    6.00000000V  3  3
    1.63299316V  4  3
    3.65148372V  5  3
    1.63299316V  6  1
   -1.31453414V  3  2
    2.93938769V  3  1
   -2.93938769V  6  4
    1.31453414V  6  5
              *                 
 S 0( 2p 2p, 2p 2p)    2
 *
  -12.00000000S  3  3
  -12.00000000S  6  6
              *                 

                    ===========================
                     CONFIGURATION INTERACTION 
                    ===========================



   ATOM = Fe+20    Z = 26.



    6 EIGENVALUES FOUND 

  -939.97631022  2s(2).2p(2)3P2_3P
   0.000000  0.000000  0.994873  0.000000  0.000000 -0.101133

  -939.49110612  2s(2).2p(2)1D2_1D
   0.000000  0.994873  0.000000  0.000000 -0.101133  0.000000

  -938.97730429  2s(2).2p(2)1S0_1S
   0.981064  0.000000  0.000000  0.193686  0.000000  0.000000

  -932.72187002  2p(4)_3P2
   0.000000  0.000000  0.101133  0.000000  0.000000  0.994873

  -932.23666592  2p(4)_1D2
   0.000000  0.101133  0.000000  0.000000  0.994873  0.000000

  -931.29485546  2p(4)_1S0
  -0.193686  0.000000  0.000000  0.981064  0.000000  0.000000


    4 EIGENVALUES FOUND 

  -939.94073253  2s(2).2p(2)3P2_3P
   0.000000 -0.467781  0.878195  0.000000  0.041974 -0.090518

  -939.36434882  2s(2).2p(2)1D2_1D
   0.000000  0.877956  0.466252  0.000000 -0.092735 -0.056599

  -932.96658022  2p(4)_3P2
   0.000000  0.037987  0.103429  0.000000  0.301656  0.947028

  -932.16200801  2p(4)_1D2
   0.000000  0.094510 -0.026186  0.000000  0.947967 -0.302887


    2 EIGENVALUES FOUND 

  -940.13842972  2s(2).2p(2)3P2_3P
   0.000000  0.000000  0.995316  0.000000  0.000000 -0.096673

  -932.54958060  2p(4)_3P2
   0.000000  0.000000  0.096673  0.000000  0.000000  0.995316


    4 EIGENVALUES FOUND 

  -940.46450296  2s(2).2p(2)3P2_3P
   0.304404  0.000000  0.946733  0.054900  0.000000 -0.089563

  -938.82039154  2s(2).2p(2)1S0_1S
   0.932451  0.000000 -0.308607  0.186646  0.000000  0.021444

  -932.56148436  2p(4)_3P2
   0.075113  0.000000  0.083974 -0.343528  0.000000  0.932360

  -931.11588447  2p(4)_1S0
  -0.179530  0.000000  0.037519  0.918770  0.000000  0.349605



                    ======================
                      M U L T I P O L E   
                    ======================



 THERE ARE  2 COMMON ORBITALS AS FOLLOWS: 
   2s  2p

 THERE ARE  0 INITIAL STATE ORBITALS AS FOLLOWS: 


 THERE ARE  0 FINAL STATE ORBITALS AS FOLLOWS: 



 INITIAL STATE CONFIGURATIONS:-
 ----------------------------  


       1.    2s( 2)  2p( 2)
                1S0     1S0
                           1S0

       2.    2s( 2)  2p( 2)
                1S0     1D2
                           1D0

       3.    2s( 2)  2p( 2)
                1S0     3P2
                           3P0

       4.    2p( 4)
                1S0

       5.    2p( 4)
                1D2

       6.    2p( 4)
                3P2


 FINAL STATE CONFIGURATIONS:-
 ----------------------------  


       1.    2s( 2)  2p( 2)
                1S0     1S0
                           1S0

       2.    2s( 2)  2p( 2)
                1S0     1D2
                           1D0

       3.    2s( 2)  2p( 2)
                1S0     3P2
                           3P0

       4.    2p( 4)
                1S0

       5.    2p( 4)
                1D2

       6.    2p( 4)
                3P2
1 ELECTRIC TRANSITION OF ORDER   2

                                          _ 
 < INITIAL STATE ||E (2)|| FINAL STATE > = >  COEFF * WEIGHT(INITIAL,I) * WEIGHT(FINAL,J) * < NL||E (2)||N'L'>
+                                         _ 
                                         I,J


     COEFF      I    J     < NL||E (2)||N'L'>


    1.15470054    1    2     < 2p||E (2)|| 2p >
    1.15470054    2    1     < 2p||E (2)|| 2p >
    1.52752523    2    2     < 2p||E (2)|| 2p >
   -1.00000000    3    3     < 2p||E (2)|| 2p >
   -1.15470054    4    5     < 2p||E (2)|| 2p >
   -1.15470054    5    4     < 2p||E (2)|| 2p >
   -1.52752523    5    5     < 2p||E (2)|| 2p >
    1.00000000    6    6     < 2p||E (2)|| 2p >



                                NUMBER OF TERMS IN THE ABOVE SUMMATION =  8
1 MAGNETIC TRANSITION OF ORDER   1

                                          _ 
 < INITIAL STATE ||M (1)|| FINAL STATE > = >  COEFF * WEIGHT(INITIAL,I) * WEIGHT(FINAL,J) * < NL||M (1)||N'L'>
+                                         _ 
                                         I,J


     COEFF      I    J     < NL||M (1)||N'L'>


    2.23606798    2    2     < 2p||MA(1)|| 2p >
    1.00000000    3    3     < 2p||MA(1)|| 2p >
    2.23606798    5    5     < 2p||MA(1)|| 2p >
    1.00000000    6    6     < 2p||MA(1)|| 2p >
    2.00000000    3    3     < 2p||MB(1)|| 2p >
    2.00000000    6    6     < 2p||MB(1)|| 2p >



                                NUMBER OF TERMS IN THE ABOVE SUMMATION =  6
  Carbon-like Iron                =>  Carbon-like Iron                  
    1.15470054E 2( 2p  1, 2p  2)
    1.15470054E 2( 2p  2, 2p  1)
    1.52752523E 2( 2p  2, 2p  2)
   -1.00000000E 2( 2p  3, 2p  3)
   -1.15470054E 2( 2p  4, 2p  5)
   -1.15470054E 2( 2p  5, 2p  4)
   -1.52752523E 2( 2p  5, 2p  5)
    1.00000000E 2( 2p  6, 2p  6)
              *
              *
    2.23606798MA1( 2p  2, 2p  2)
    1.00000000MA1( 2p  3, 2p  3)
    2.23606798MA1( 2p  5, 2p  5)
    1.00000000MA1( 2p  6, 2p  6)
              *
    2.00000000MB1( 2p  3, 2p  3)
    2.00000000MB1( 2p  6, 2p  6)
              *


                    =============================
                      LSJ - T R A N S I T I O N 
                    =============================


 Initial State
 -------------
   1   2s(2).2p(2)1S0_1S
   2   2s(2).2p(2)1D2_1D
   3   2s(2).2p(2)3P2_3P
   4   2p(4)_1S0
   5   2p(4)_1D2
   6   2p(4)_3P2

 Final   State
 -------------
   1   2s(2).2p(2)1S0_1S
   2   2s(2).2p(2)1D2_1D
   3   2s(2).2p(2)3P2_3P
   4   2p(4)_1S0
   5   2p(4)_1D2
   6   2p(4)_3P2

          Fe+20    Z = 26.   N =   6

  Carbon-like Iron                =>  Carbon-like Iron                  


 ELECTRIC TRANSITION OF ORDER   2


  2*JI =  4 2*JF =  4
 --------------------

  Line  2s(2).2p(2)3P2_3P - 2s(2).2p(2)3P2_3P
  -------------------------------------------
 2s(2).2p(2)1D2_1D        -> 2s(2).2p(2)1D2_1D         :  2p ->  2p   -0.0041449
 2s(2).2p(2)3P2_3P        -> 2s(2).2p(2)3P2_3P         :  2p ->  2p    0.0073044

  2*JI =  4 2*JF =  2
 --------------------

  Line  2s(2).2p(2)3P2_3P - 2s(2).2p(2)3P2_3P
  -------------------------------------------
 2s(2).2p(2)3P2_3P        -> 2s(2).2p(2)3P2_3P         :  2p ->  2p   -0.0121185

          ENERGY DIFFERENCE OF THE STATES:           4.3389123D+04 CM-1
                                                     2.3047251D+03 ANGSTROMS
                                                     1.9769719D-01 A. U.

  Line  2s(2).2p(2)3P2_3P - 2p(4)_3P2
  -----------------------------------
 2s(2).2p(2)3P2_3P        -> 2s(2).2p(2)3P2_3P         :  2p ->  2p   -0.0011770
 2p(4)_3P2                -> 2p(4)_3P2                 :  2p ->  2p   -0.0012491

          ENERGY DIFFERENCE OF THE STATES:           1.6221556D+06 CM-1
                                                     6.1646368D+01 ANGSTROMS
                                                     7.3911519D+00 A. U.

  Line  2s(2).2p(2)1D2_1D - 2s(2).2p(2)3P2_3P
  -------------------------------------------
 2s(2).2p(2)3P2_3P        -> 2s(2).2p(2)3P2_3P         :  2p ->  2p   -0.0064340

          ENERGY DIFFERENCE OF THE STATES:           1.6988957D+05 CM-1
                                                     5.8861764D+02 ANGSTROMS
                                                     7.7408090D-01 A. U.

  Line  2s(2).2p(2)1D2_1D - 2p(4)_3P2
  -----------------------------------
 2s(2).2p(2)3P2_3P        -> 2s(2).2p(2)3P2_3P         :  2p ->  2p   -0.0006249
 2p(4)_3P2                -> 2p(4)_3P2                 :  2p ->  2p   -0.0007810

          ENERGY DIFFERENCE OF THE STATES:           1.4956551D+06 CM-1
                                                     6.6860333D+01 ANGSTROMS
                                                     6.8147682D+00 A. U.

  Line  2p(4)_3P2 - 2s(2).2p(2)3P2_3P
  -----------------------------------
 2s(2).2p(2)3P2_3P        -> 2s(2).2p(2)3P2_3P         :  2p ->  2p   -0.0014273
 2p(4)_3P2                -> 2p(4)_3P2                 :  2p ->  2p   -0.0012693

          ENERGY DIFFERENCE OF THE STATES:           1.5740247D+06 CM-1
                                                     6.3531404D+01 ANGSTROMS
                                                     7.1718495D+00 A. U.

  Line  2p(4)_3P2 - 2p(4)_3P2
  ---------------------------
 2p(4)_3P2                -> 2p(4)_3P2                 :  2p ->  2p    0.0130684

          ENERGY DIFFERENCE OF THE STATES:           9.1520005D+04 CM-1
                                                     1.0926573D+03 ANGSTROMS
                                                     4.1699962D-01 A. U.

  Line  2p(4)_1D2 - 2s(2).2p(2)3P2_3P
  -----------------------------------
 2s(2).2p(2)3P2_3P        -> 2s(2).2p(2)3P2_3P         :  2p ->  2p    0.0003613
 2p(4)_3P2                -> 2p(4)_3P2                 :  2p ->  2p    0.0004060

          ENERGY DIFFERENCE OF THE STATES:           1.7506063D+06 CM-1
                                                     5.7123067D+01 ANGSTROMS
                                                     7.9764217D+00 A. U.

  Line  2p(4)_1D2 - 2p(4)_3P2
  ---------------------------
 2p(4)_3P2                -> 2p(4)_3P2                 :  2p ->  2p   -0.0041796

          ENERGY DIFFERENCE OF THE STATES:           8.5061578D+04 CM-1
                                                     1.1756189D+03 ANGSTROMS
                                                     3.8757259D-01 A. U.

  2*JI =  4 2*JF =  0
 --------------------

  Line  2s(2).2p(2)3P2_3P - 2s(2).2p(2)3P2_3P
  -------------------------------------------
 2s(2).2p(2)1D2_1D        -> 2s(2).2p(2)1S0_1S         :  2p ->  2p    0.0045592
 2s(2).2p(2)3P2_3P        -> 2s(2).2p(2)3P2_3P         :  2p ->  2p    0.0133102

          ENERGY DIFFERENCE OF THE STATES:           1.1495328D+05 CM-1
                                                     8.6991866D+02 ANGSTROMS
                                                     5.2377043D-01 A. U.

  Line  2s(2).2p(2)3P2_3P - 2s(2).2p(2)1S0_1S
  -------------------------------------------
 2s(2).2p(2)1D2_1D        -> 2s(2).2p(2)1S0_1S         :  2p ->  2p    0.0139658
 2s(2).2p(2)3P2_3P        -> 2s(2).2p(2)3P2_3P         :  2p ->  2p   -0.0043387

          ENERGY DIFFERENCE OF THE STATES:           2.4588419D+05 CM-1
                                                     4.0669553D+02 ANGSTROMS
                                                     1.1203410D+00 A. U.

  Line  2s(2).2p(2)3P2_3P - 2p(4)_3P2
  -----------------------------------
 2s(2).2p(2)1D2_1D        -> 2s(2).2p(2)1S0_1S         :  2p ->  2p    0.0011250
 2s(2).2p(2)3P2_3P        -> 2s(2).2p(2)3P2_3P         :  2p ->  2p    0.0011806
 2p(4)_1D2                -> 2p(4)_1S0                 :  2p ->  2p   -0.0004617
 2p(4)_3P2                -> 2p(4)_3P2                 :  2p ->  2p    0.0013511

          ENERGY DIFFERENCE OF THE STATES:           1.6195430D+06 CM-1
                                                     6.1745812D+01 ANGSTROMS
                                                     7.3792482D+00 A. U.

  Line  2s(2).2p(2)3P2_3P - 2p(4)_1S0
  -----------------------------------
 2s(2).2p(2)1D2_1D        -> 2s(2).2p(2)1S0_1S         :  2p ->  2p   -0.0026889
 2s(2).2p(2)3P2_3P        -> 2s(2).2p(2)3P2_3P         :  2p ->  2p    0.0005275
 2p(4)_1D2                -> 2p(4)_1S0                 :  2p ->  2p    0.0012347
 2p(4)_3P2                -> 2p(4)_3P2                 :  2p ->  2p    0.0005066

          ENERGY DIFFERENCE OF THE STATES:           1.9368127D+06 CM-1
                                                     5.1631220D+01 ANGSTROMS
                                                     8.8248481D+00 A. U.

  Line  2s(2).2p(2)1D2_1D - 2s(2).2p(2)3P2_3P
  -------------------------------------------
 2s(2).2p(2)1D2_1D        -> 2s(2).2p(2)1S0_1S         :  2p ->  2p   -0.0085569
 2s(2).2p(2)3P2_3P        -> 2s(2).2p(2)3P2_3P         :  2p ->  2p    0.0070667

          ENERGY DIFFERENCE OF THE STATES:           2.4145373D+05 CM-1
                                                     4.1415803D+02 ANGSTROMS
                                                     1.1001541D+00 A. U.

  Line  2s(2).2p(2)1D2_1D - 2s(2).2p(2)1S0_1S
  -------------------------------------------
 2s(2).2p(2)1D2_1D        -> 2s(2).2p(2)1S0_1S         :  2p ->  2p   -0.0262117
 2s(2).2p(2)3P2_3P        -> 2s(2).2p(2)3P2_3P         :  2p ->  2p   -0.0023035
 2p(4)_1D2                -> 2p(4)_1S0                 :  2p ->  2p   -0.0005542

          ENERGY DIFFERENCE OF THE STATES:           1.1938374D+05 CM-1
                                                     8.3763503D+02 ANGSTROMS
                                                     5.4395728D-01 A. U.

  Line  2s(2).2p(2)1D2_1D - 2p(4)_3P2
  -----------------------------------
 2s(2).2p(2)1D2_1D        -> 2s(2).2p(2)1S0_1S         :  2p ->  2p   -0.0021115
 2s(2).2p(2)3P2_3P        -> 2s(2).2p(2)3P2_3P         :  2p ->  2p    0.0006268
 2p(4)_1D2                -> 2p(4)_1S0                 :  2p ->  2p    0.0010200
 2p(4)_3P2                -> 2p(4)_3P2                 :  2p ->  2p    0.0008448

          ENERGY DIFFERENCE OF THE STATES:           1.4930426D+06 CM-1
                                                     6.6977326D+01 ANGSTROMS
                                                     6.8028645D+00 A. U.

  Line  2s(2).2p(2)1D2_1D - 2p(4)_1S0
  -----------------------------------
 2s(2).2p(2)1D2_1D        -> 2s(2).2p(2)1S0_1S         :  2p ->  2p    0.0050467
 2p(4)_1D2                -> 2p(4)_1S0                 :  2p ->  2p   -0.0027280
 2p(4)_3P2                -> 2p(4)_3P2                 :  2p ->  2p    0.0003168

          ENERGY DIFFERENCE OF THE STATES:           1.8103122D+06 CM-1
                                                     5.5239091D+01 ANGSTROMS
                                                     8.2484644D+00 A. U.

  Line  2p(4)_3P2 - 2s(2).2p(2)3P2_3P
  -----------------------------------
 2s(2).2p(2)1D2_1D        -> 2s(2).2p(2)1S0_1S         :  2p ->  2p   -0.0003702
 2s(2).2p(2)3P2_3P        -> 2s(2).2p(2)3P2_3P         :  2p ->  2p    0.0015676
 2p(4)_1D2                -> 2p(4)_1S0                 :  2p ->  2p    0.0005303
 2p(4)_3P2                -> 2p(4)_3P2                 :  2p ->  2p    0.0013579

          ENERGY DIFFERENCE OF THE STATES:           1.6455889D+06 CM-1
                                                     6.0768520D+01 ANGSTROMS
                                                     7.4979227D+00 A. U.

  Line  2p(4)_3P2 - 2s(2).2p(2)1S0_1S
  -----------------------------------
 2s(2).2p(2)1D2_1D        -> 2s(2).2p(2)1S0_1S         :  2p ->  2p   -0.0011341
 2s(2).2p(2)3P2_3P        -> 2s(2).2p(2)3P2_3P         :  2p ->  2p   -0.0005110
 2p(4)_1D2                -> 2p(4)_1S0                 :  2p ->  2p    0.0018027
 2p(4)_3P2                -> 2p(4)_3P2                 :  2p ->  2p   -0.0003251

          ENERGY DIFFERENCE OF THE STATES:           1.2847514D+06 CM-1
                                                     7.7836070D+01 ANGSTROMS
                                                     5.8538113D+00 A. U.

  Line  2p(4)_3P2 - 2p(4)_3P2
  ---------------------------
 2p(4)_1D2                -> 2p(4)_1S0                 :  2p ->  2p   -0.0033180
 2p(4)_3P2                -> 2p(4)_3P2                 :  2p ->  2p   -0.0141356

          ENERGY DIFFERENCE OF THE STATES:           8.8907456D+04 CM-1
                                                     1.1247651D+03 ANGSTROMS
                                                     4.0509586D-01 A. U.

  Line  2p(4)_3P2 - 2p(4)_1S0
  ---------------------------
 2p(4)_1D2                -> 2p(4)_1S0                 :  2p ->  2p    0.0088739
 2p(4)_3P2                -> 2p(4)_3P2                 :  2p ->  2p   -0.0053004

          ENERGY DIFFERENCE OF THE STATES:           4.0617707D+05 CM-1
                                                     2.4619804D+02 ANGSTROMS
                                                     1.8506957D+00 A. U.

  Line  2p(4)_1D2 - 2s(2).2p(2)3P2_3P
  -----------------------------------
 2s(2).2p(2)1D2_1D        -> 2s(2).2p(2)1S0_1S         :  2p ->  2p   -0.0009211
 2s(2).2p(2)3P2_3P        -> 2s(2).2p(2)3P2_3P         :  2p ->  2p   -0.0003969
 2p(4)_1D2                -> 2p(4)_1S0                 :  2p ->  2p    0.0016663
 2p(4)_3P2                -> 2p(4)_3P2                 :  2p ->  2p   -0.0004343

          ENERGY DIFFERENCE OF THE STATES:           1.8221704D+06 CM-1
                                                     5.4879608D+01 ANGSTROMS
                                                     8.3024949D+00 A. U.

  Line  2p(4)_1D2 - 2s(2).2p(2)1S0_1S
  -----------------------------------
 2s(2).2p(2)1D2_1D        -> 2s(2).2p(2)1S0_1S         :  2p ->  2p   -0.0028216
 2p(4)_1D2                -> 2p(4)_1S0                 :  2p ->  2p    0.0056651

          ENERGY DIFFERENCE OF THE STATES:           1.4613330D+06 CM-1
                                                     6.8430674D+01 ANGSTROMS
                                                     6.6583835D+00 A. U.

  Line  2p(4)_1D2 - 2p(4)_3P2
  ---------------------------
 2p(4)_1D2                -> 2p(4)_1S0                 :  2p ->  2p   -0.0104268
 2p(4)_3P2                -> 2p(4)_3P2                 :  2p ->  2p    0.0045210

          ENERGY DIFFERENCE OF THE STATES:           8.7674127D+04 CM-1
                                                     1.1405873D+03 ANGSTROMS
                                                     3.9947635D-01 A. U.

  Line  2p(4)_1D2 - 2p(4)_1S0
  ---------------------------
 2s(2).2p(2)1D2_1D        -> 2s(2).2p(2)1S0_1S         :  2p ->  2p    0.0005433
 2p(4)_1D2                -> 2p(4)_1S0                 :  2p ->  2p    0.0278866
 2p(4)_3P2                -> 2p(4)_3P2                 :  2p ->  2p    0.0016952

          ENERGY DIFFERENCE OF THE STATES:           2.2959549D+05 CM-1
                                                     4.3554863D+02 ANGSTROMS
                                                     1.0461235D+00 A. U.

  2*JI =  2 2*JF =  4
 --------------------

  Line  2s(2).2p(2)3P2_3P - 2s(2).2p(2)3P2_3P
  -------------------------------------------
 2s(2).2p(2)3P2_3P        -> 2s(2).2p(2)3P2_3P         :  2p ->  2p    0.0121185

          ENERGY DIFFERENCE OF THE STATES:           4.3389123D+04 CM-1
                                                     2.3047251D+03 ANGSTROMS
                                                     1.9769719D-01 A. U.

  Line  2s(2).2p(2)3P2_3P - 2s(2).2p(2)1D2_1D
  -------------------------------------------
 2s(2).2p(2)3P2_3P        -> 2s(2).2p(2)3P2_3P         :  2p ->  2p    0.0064340

          ENERGY DIFFERENCE OF THE STATES:           1.6988957D+05 CM-1
                                                     5.8861764D+02 ANGSTROMS
                                                     7.7408090D-01 A. U.

  Line  2s(2).2p(2)3P2_3P - 2p(4)_3P2
  -----------------------------------
 2s(2).2p(2)3P2_3P        -> 2s(2).2p(2)3P2_3P         :  2p ->  2p    0.0014273
 2p(4)_3P2                -> 2p(4)_3P2                 :  2p ->  2p    0.0012693

          ENERGY DIFFERENCE OF THE STATES:           1.5740247D+06 CM-1
                                                     6.3531404D+01 ANGSTROMS
                                                     7.1718495D+00 A. U.

  Line  2s(2).2p(2)3P2_3P - 2p(4)_1D2
  -----------------------------------
 2s(2).2p(2)3P2_3P        -> 2s(2).2p(2)3P2_3P         :  2p ->  2p   -0.0003613
 2p(4)_3P2                -> 2p(4)_3P2                 :  2p ->  2p   -0.0004060

          ENERGY DIFFERENCE OF THE STATES:           1.7506063D+06 CM-1
                                                     5.7123067D+01 ANGSTROMS
                                                     7.9764217D+00 A. U.

  Line  2p(4)_3P2 - 2s(2).2p(2)3P2_3P
  -----------------------------------
 2s(2).2p(2)3P2_3P        -> 2s(2).2p(2)3P2_3P         :  2p ->  2p    0.0011770
 2p(4)_3P2                -> 2p(4)_3P2                 :  2p ->  2p    0.0012491

          ENERGY DIFFERENCE OF THE STATES:           1.6221556D+06 CM-1
                                                     6.1646368D+01 ANGSTROMS
                                                     7.3911519D+00 A. U.

  Line  2p(4)_3P2 - 2s(2).2p(2)1D2_1D
  -----------------------------------
 2s(2).2p(2)3P2_3P        -> 2s(2).2p(2)3P2_3P         :  2p ->  2p    0.0006249
 2p(4)_3P2                -> 2p(4)_3P2                 :  2p ->  2p    0.0007810

          ENERGY DIFFERENCE OF THE STATES:           1.4956551D+06 CM-1
                                                     6.6860333D+01 ANGSTROMS
                                                     6.8147682D+00 A. U.

  Line  2p(4)_3P2 - 2p(4)_3P2
  ---------------------------
 2p(4)_3P2                -> 2p(4)_3P2                 :  2p ->  2p   -0.0130684

          ENERGY DIFFERENCE OF THE STATES:           9.1520005D+04 CM-1
                                                     1.0926573D+03 ANGSTROMS
                                                     4.1699962D-01 A. U.

  Line  2p(4)_3P2 - 2p(4)_1D2
  ---------------------------
 2p(4)_3P2                -> 2p(4)_3P2                 :  2p ->  2p    0.0041796

          ENERGY DIFFERENCE OF THE STATES:           8.5061578D+04 CM-1
                                                     1.1756189D+03 ANGSTROMS
                                                     3.8757259D-01 A. U.

  2*JI =  2 2*JF =  2
 --------------------

  Line  2s(2).2p(2)3P2_3P - 2s(2).2p(2)3P2_3P
  -------------------------------------------
 2s(2).2p(2)3P2_3P        -> 2s(2).2p(2)3P2_3P         :  2p ->  2p   -0.0102372

  2*JI =  2 2*JF =  0
 --------------------

 TRIANGULAR CONDITION NOT SATISFIED 


  2*JI =  0 2*JF =  4
 --------------------

  Line  2s(2).2p(2)3P2_3P - 2s(2).2p(2)3P2_3P
  -------------------------------------------
 2s(2).2p(2)1S0_1S        -> 2s(2).2p(2)1D2_1D         :  2p ->  2p    0.0045592
 2s(2).2p(2)3P2_3P        -> 2s(2).2p(2)3P2_3P         :  2p ->  2p    0.0133102

          ENERGY DIFFERENCE OF THE STATES:           1.1495328D+05 CM-1
                                                     8.6991866D+02 ANGSTROMS
                                                     5.2377043D-01 A. U.

  Line  2s(2).2p(2)3P2_3P - 2s(2).2p(2)1D2_1D
  -------------------------------------------
 2s(2).2p(2)1S0_1S        -> 2s(2).2p(2)1D2_1D         :  2p ->  2p   -0.0085569
 2s(2).2p(2)3P2_3P        -> 2s(2).2p(2)3P2_3P         :  2p ->  2p    0.0070667

          ENERGY DIFFERENCE OF THE STATES:           2.4145373D+05 CM-1
                                                     4.1415803D+02 ANGSTROMS
                                                     1.1001541D+00 A. U.

  Line  2s(2).2p(2)3P2_3P - 2p(4)_3P2
  -----------------------------------
 2s(2).2p(2)1S0_1S        -> 2s(2).2p(2)1D2_1D         :  2p ->  2p   -0.0003702
 2s(2).2p(2)3P2_3P        -> 2s(2).2p(2)3P2_3P         :  2p ->  2p    0.0015676
 2p(4)_1S0                -> 2p(4)_1D2                 :  2p ->  2p    0.0005303
 2p(4)_3P2                -> 2p(4)_3P2                 :  2p ->  2p    0.0013579

          ENERGY DIFFERENCE OF THE STATES:           1.6455889D+06 CM-1
                                                     6.0768520D+01 ANGSTROMS
                                                     7.4979227D+00 A. U.

  Line  2s(2).2p(2)3P2_3P - 2p(4)_1D2
  -----------------------------------
 2s(2).2p(2)1S0_1S        -> 2s(2).2p(2)1D2_1D         :  2p ->  2p   -0.0009211
 2s(2).2p(2)3P2_3P        -> 2s(2).2p(2)3P2_3P         :  2p ->  2p   -0.0003969
 2p(4)_1S0                -> 2p(4)_1D2                 :  2p ->  2p    0.0016663
 2p(4)_3P2                -> 2p(4)_3P2                 :  2p ->  2p   -0.0004343

          ENERGY DIFFERENCE OF THE STATES:           1.8221704D+06 CM-1
                                                     5.4879608D+01 ANGSTROMS
                                                     8.3024949D+00 A. U.

  Line  2s(2).2p(2)1S0_1S - 2s(2).2p(2)3P2_3P
  -------------------------------------------
 2s(2).2p(2)1S0_1S        -> 2s(2).2p(2)1D2_1D         :  2p ->  2p    0.0139658
 2s(2).2p(2)3P2_3P        -> 2s(2).2p(2)3P2_3P         :  2p ->  2p   -0.0043387

          ENERGY DIFFERENCE OF THE STATES:           2.4588419D+05 CM-1
                                                     4.0669553D+02 ANGSTROMS
                                                     1.1203410D+00 A. U.

  Line  2s(2).2p(2)1S0_1S - 2s(2).2p(2)1D2_1D
  -------------------------------------------
 2s(2).2p(2)1S0_1S        -> 2s(2).2p(2)1D2_1D         :  2p ->  2p   -0.0262117
 2s(2).2p(2)3P2_3P        -> 2s(2).2p(2)3P2_3P         :  2p ->  2p   -0.0023035
 2p(4)_1S0                -> 2p(4)_1D2                 :  2p ->  2p   -0.0005542

          ENERGY DIFFERENCE OF THE STATES:           1.1938374D+05 CM-1
                                                     8.3763503D+02 ANGSTROMS
                                                     5.4395728D-01 A. U.

  Line  2s(2).2p(2)1S0_1S - 2p(4)_3P2
  -----------------------------------
 2s(2).2p(2)1S0_1S        -> 2s(2).2p(2)1D2_1D         :  2p ->  2p   -0.0011341
 2s(2).2p(2)3P2_3P        -> 2s(2).2p(2)3P2_3P         :  2p ->  2p   -0.0005110
 2p(4)_1S0                -> 2p(4)_1D2                 :  2p ->  2p    0.0018027
 2p(4)_3P2                -> 2p(4)_3P2                 :  2p ->  2p   -0.0003251

          ENERGY DIFFERENCE OF THE STATES:           1.2847514D+06 CM-1
                                                     7.7836070D+01 ANGSTROMS
                                                     5.8538113D+00 A. U.

  Line  2s(2).2p(2)1S0_1S - 2p(4)_1D2
  -----------------------------------
 2s(2).2p(2)1S0_1S        -> 2s(2).2p(2)1D2_1D         :  2p ->  2p   -0.0028216
 2p(4)_1S0                -> 2p(4)_1D2                 :  2p ->  2p    0.0056651

          ENERGY DIFFERENCE OF THE STATES:           1.4613330D+06 CM-1
                                                     6.8430674D+01 ANGSTROMS
                                                     6.6583835D+00 A. U.

  Line  2p(4)_3P2 - 2s(2).2p(2)3P2_3P
  -----------------------------------
 2s(2).2p(2)1S0_1S        -> 2s(2).2p(2)1D2_1D         :  2p ->  2p    0.0011250
 2s(2).2p(2)3P2_3P        -> 2s(2).2p(2)3P2_3P         :  2p ->  2p    0.0011806
 2p(4)_1S0                -> 2p(4)_1D2                 :  2p ->  2p   -0.0004617
 2p(4)_3P2                -> 2p(4)_3P2                 :  2p ->  2p    0.0013511

          ENERGY DIFFERENCE OF THE STATES:           1.6195430D+06 CM-1
                                                     6.1745812D+01 ANGSTROMS
                                                     7.3792482D+00 A. U.

  Line  2p(4)_3P2 - 2s(2).2p(2)1D2_1D
  -----------------------------------
 2s(2).2p(2)1S0_1S        -> 2s(2).2p(2)1D2_1D         :  2p ->  2p   -0.0021115
 2s(2).2p(2)3P2_3P        -> 2s(2).2p(2)3P2_3P         :  2p ->  2p    0.0006268
 2p(4)_1S0                -> 2p(4)_1D2                 :  2p ->  2p    0.0010200
 2p(4)_3P2                -> 2p(4)_3P2                 :  2p ->  2p    0.0008448

          ENERGY DIFFERENCE OF THE STATES:           1.4930426D+06 CM-1
                                                     6.6977326D+01 ANGSTROMS
                                                     6.8028645D+00 A. U.

  Line  2p(4)_3P2 - 2p(4)_3P2
  ---------------------------
 2p(4)_1S0                -> 2p(4)_1D2                 :  2p ->  2p   -0.0033180
 2p(4)_3P2                -> 2p(4)_3P2                 :  2p ->  2p   -0.0141356

          ENERGY DIFFERENCE OF THE STATES:           8.8907456D+04 CM-1
                                                     1.1247651D+03 ANGSTROMS
                                                     4.0509586D-01 A. U.

  Line  2p(4)_3P2 - 2p(4)_1D2
  ---------------------------
 2p(4)_1S0                -> 2p(4)_1D2                 :  2p ->  2p   -0.0104268
 2p(4)_3P2                -> 2p(4)_3P2                 :  2p ->  2p    0.0045210

          ENERGY DIFFERENCE OF THE STATES:           8.7674127D+04 CM-1
                                                     1.1405873D+03 ANGSTROMS
                                                     3.9947635D-01 A. U.

  Line  2p(4)_1S0 - 2s(2).2p(2)3P2_3P
  -----------------------------------
 2s(2).2p(2)1S0_1S        -> 2s(2).2p(2)1D2_1D         :  2p ->  2p   -0.0026889
 2s(2).2p(2)3P2_3P        -> 2s(2).2p(2)3P2_3P         :  2p ->  2p    0.0005275
 2p(4)_1S0                -> 2p(4)_1D2                 :  2p ->  2p    0.0012347
 2p(4)_3P2                -> 2p(4)_3P2                 :  2p ->  2p    0.0005066

          ENERGY DIFFERENCE OF THE STATES:           1.9368127D+06 CM-1
                                                     5.1631220D+01 ANGSTROMS
                                                     8.8248481D+00 A. U.

  Line  2p(4)_1S0 - 2s(2).2p(2)1D2_1D
  -----------------------------------
 2s(2).2p(2)1S0_1S        -> 2s(2).2p(2)1D2_1D         :  2p ->  2p    0.0050467
 2p(4)_1S0                -> 2p(4)_1D2                 :  2p ->  2p   -0.0027280
 2p(4)_3P2                -> 2p(4)_3P2                 :  2p ->  2p    0.0003168

          ENERGY DIFFERENCE OF THE STATES:           1.8103122D+06 CM-1
                                                     5.5239091D+01 ANGSTROMS
                                                     8.2484644D+00 A. U.

  Line  2p(4)_1S0 - 2p(4)_3P2
  ---------------------------
 2p(4)_1S0                -> 2p(4)_1D2                 :  2p ->  2p    0.0088739
 2p(4)_3P2                -> 2p(4)_3P2                 :  2p ->  2p   -0.0053004

          ENERGY DIFFERENCE OF THE STATES:           4.0617707D+05 CM-1
                                                     2.4619804D+02 ANGSTROMS
                                                     1.8506957D+00 A. U.

  Line  2p(4)_1S0 - 2p(4)_1D2
  ---------------------------
 2s(2).2p(2)1S0_1S        -> 2s(2).2p(2)1D2_1D         :  2p ->  2p    0.0005433
 2p(4)_1S0                -> 2p(4)_1D2                 :  2p ->  2p    0.0278866
 2p(4)_3P2                -> 2p(4)_3P2                 :  2p ->  2p    0.0016952

          ENERGY DIFFERENCE OF THE STATES:           2.2959549D+05 CM-1
                                                     4.3554863D+02 ANGSTROMS
                                                     1.0461235D+00 A. U.

  2*JI =  0 2*JF =  2
 --------------------

 TRIANGULAR CONDITION NOT SATISFIED 


  2*JI =  0 2*JF =  0
 --------------------

 TRIANGULAR CONDITION NOT SATISFIED 



 MAGNETIC TRANSITION OF ORDER   1


  2*JI =  4 2*JF =  4
 --------------------

  Line  2s(2).2p(2)3P2_3P - 2s(2).2p(2)3P2_3P
  -------------------------------------------
 2s(2).2p(2)1D2_1D        -> 2s(2).2p(2)1D2_1D         :  2p ->  2p    0.1198520
 2s(2).2p(2)3P2_3P        -> 2s(2).2p(2)3P2_3P         :  2p ->  2p    0.2112089
 2p(4)_1D2                -> 2p(4)_1D2                 :  2p ->  2p    0.0009650
 2p(4)_3P2                -> 2p(4)_3P2                 :  2p ->  2p    0.0022439
 2s(2).2p(2)3P2_3P        -> 2s(2).2p(2)3P2_3P         :  2p ->  2p    0.4224178
 2p(4)_3P2                -> 2p(4)_3P2                 :  2p ->  2p    0.0044878

  2*JI =  4 2*JF =  2
 --------------------

  Line  2s(2).2p(2)3P2_3P - 2s(2).2p(2)3P2_3P
  -------------------------------------------
 2s(2).2p(2)3P2_3P        -> 2s(2).2p(2)3P2_3P         :  2p ->  2p   -0.1784211
 2p(4)_3P2                -> 2p(4)_3P2                 :  2p ->  2p   -0.0017862
 2s(2).2p(2)3P2_3P        -> 2s(2).2p(2)3P2_3P         :  2p ->  2p    0.3568422
 2p(4)_3P2                -> 2p(4)_3P2                 :  2p ->  2p    0.0035724

          ENERGY DIFFERENCE OF THE STATES:           4.3389123D+04 CM-1
                                                     2.3047251D+03 ANGSTROMS
                                                     1.9769719D-01 A. U.

   2s(2).2p(2)3P2_3P  2J =   4
   TOTAL ENERGY =     -939.9407325
     0.000000 -0.467781  0.878195  0.000000  0.041974 -0.090518

   2s(2).2p(2)3P2_3P  2J =   2
   TOTAL ENERGY =     -940.1384297
     0.000000  0.000000  0.995316  0.000000  0.000000 -0.096673

          SUM OF LENGTH FORM                       =   1.9484811D+00
          FINAL OSCILLATOR STRENGTH (GF)           =  -3.4184456D-06
          TRANSITION PROBABILITY IN EMISSION (Aki) =   8.5854060D+02



  Line  2s(2).2p(2)3P2_3P - 2p(4)_3P2
  -----------------------------------
 2s(2).2p(2)3P2_3P        -> 2s(2).2p(2)3P2_3P         :  2p ->  2p   -0.0173297
 2p(4)_3P2                -> 2p(4)_3P2                 :  2p ->  2p    0.0183903
 2s(2).2p(2)3P2_3P        -> 2s(2).2p(2)3P2_3P         :  2p ->  2p    0.0346594
 2p(4)_3P2                -> 2p(4)_3P2                 :  2p ->  2p   -0.0367807

          ENERGY DIFFERENCE OF THE STATES:           1.6221556D+06 CM-1
                                                     6.1646368D+01 ANGSTROMS
                                                     7.3911519D+00 A. U.

  Line  2s(2).2p(2)1D2_1D - 2s(2).2p(2)3P2_3P
  -------------------------------------------
 2s(2).2p(2)3P2_3P        -> 2s(2).2p(2)3P2_3P         :  2p ->  2p   -0.0947275
 2p(4)_3P2                -> 2p(4)_3P2                 :  2p ->  2p   -0.0011169
 2s(2).2p(2)3P2_3P        -> 2s(2).2p(2)3P2_3P         :  2p ->  2p    0.1894550
 2p(4)_3P2                -> 2p(4)_3P2                 :  2p ->  2p    0.0022338

          ENERGY DIFFERENCE OF THE STATES:           1.6988957D+05 CM-1
                                                     5.8861764D+02 ANGSTROMS
                                                     7.7408090D-01 A. U.

   2s(2).2p(2)1D2_1D  2J =   4
   TOTAL ENERGY =     -939.3643488
     0.000000  0.877956  0.466252  0.000000 -0.092735 -0.056599

   2s(2).2p(2)3P2_3P  2J =   2
   TOTAL ENERGY =     -940.1384297
     0.000000  0.000000  0.995316  0.000000  0.000000 -0.096673

          SUM OF LENGTH FORM                       =   5.5116875D-01
          FINAL OSCILLATOR STRENGTH (GF)           =  -3.7861943D-06
          TRANSITION PROBABILITY IN EMISSION (Aki) =   1.4578297D+04



  Line  2s(2).2p(2)1D2_1D - 2p(4)_3P2
  -----------------------------------
 2s(2).2p(2)3P2_3P        -> 2s(2).2p(2)3P2_3P         :  2p ->  2p   -0.0092007
 2p(4)_3P2                -> 2p(4)_3P2                 :  2p ->  2p    0.0114991
 2s(2).2p(2)3P2_3P        -> 2s(2).2p(2)3P2_3P         :  2p ->  2p    0.0184014
 2p(4)_3P2                -> 2p(4)_3P2                 :  2p ->  2p   -0.0229982

          ENERGY DIFFERENCE OF THE STATES:           1.4956551D+06 CM-1
                                                     6.6860333D+01 ANGSTROMS
                                                     6.8147682D+00 A. U.

  Line  2p(4)_3P2 - 2s(2).2p(2)3P2_3P
  -----------------------------------
 2s(2).2p(2)3P2_3P        -> 2s(2).2p(2)3P2_3P         :  2p ->  2p   -0.0210135
 2p(4)_3P2                -> 2p(4)_3P2                 :  2p ->  2p    0.0186880
 2s(2).2p(2)3P2_3P        -> 2s(2).2p(2)3P2_3P         :  2p ->  2p    0.0420270
 2p(4)_3P2                -> 2p(4)_3P2                 :  2p ->  2p   -0.0373761

          ENERGY DIFFERENCE OF THE STATES:           1.5740247D+06 CM-1
                                                     6.3531404D+01 ANGSTROMS
                                                     7.1718495D+00 A. U.

  Line  2p(4)_3P2 - 2p(4)_3P2
  ---------------------------
 2s(2).2p(2)3P2_3P        -> 2s(2).2p(2)3P2_3P         :  2p ->  2p   -0.0020410
 2p(4)_3P2                -> 2p(4)_3P2                 :  2p ->  2p   -0.1924059
 2s(2).2p(2)3P2_3P        -> 2s(2).2p(2)3P2_3P         :  2p ->  2p    0.0040820
 2p(4)_3P2                -> 2p(4)_3P2                 :  2p ->  2p    0.3848119

          ENERGY DIFFERENCE OF THE STATES:           9.1520005D+04 CM-1
                                                     1.0926573D+03 ANGSTROMS
                                                     4.1699962D-01 A. U.

   2p(4)_3P2  2J =   4
   TOTAL ENERGY =     -932.9665802
     0.000000  0.037987  0.103429  0.000000  0.301657  0.947028

   2p(4)_3P2  2J =   2
   TOTAL ENERGY =     -932.5495806
     0.000000  0.000000  0.096673  0.000000  0.000000  0.995316

          SUM OF LENGTH FORM                       =   2.2685766D+00
          FINAL OSCILLATOR STRENGTH (GF)           =   8.3950072D-06
          TRANSITION PROBABILITY IN EMISSION (Aki) =   1.5634080D+04



  Line  2p(4)_1D2 - 2s(2).2p(2)3P2_3P
  -----------------------------------
 2s(2).2p(2)3P2_3P        -> 2s(2).2p(2)3P2_3P         :  2p ->  2p    0.0053201
 2p(4)_3P2                -> 2p(4)_3P2                 :  2p ->  2p   -0.0059770
 2s(2).2p(2)3P2_3P        -> 2s(2).2p(2)3P2_3P         :  2p ->  2p   -0.0106402
 2p(4)_3P2                -> 2p(4)_3P2                 :  2p ->  2p    0.0119539

          ENERGY DIFFERENCE OF THE STATES:           1.7506063D+06 CM-1
                                                     5.7123067D+01 ANGSTROMS
                                                     7.9764217D+00 A. U.

  Line  2p(4)_1D2 - 2p(4)_3P2
  ---------------------------
 2s(2).2p(2)3P2_3P        -> 2s(2).2p(2)3P2_3P         :  2p ->  2p    0.0005167
 2p(4)_3P2                -> 2p(4)_3P2                 :  2p ->  2p    0.0615369
 2s(2).2p(2)3P2_3P        -> 2s(2).2p(2)3P2_3P         :  2p ->  2p   -0.0010335
 2p(4)_3P2                -> 2p(4)_3P2                 :  2p ->  2p   -0.1230738

          ENERGY DIFFERENCE OF THE STATES:           8.5061578D+04 CM-1
                                                     1.1756189D+03 ANGSTROMS
                                                     3.8757259D-01 A. U.

   2p(4)_1D2  2J =   4
   TOTAL ENERGY =     -932.1620080
     0.000000  0.094510 -0.026186  0.000000  0.947967 -0.302887

   2p(4)_3P2  2J =   2
   TOTAL ENERGY =     -932.5495806
     0.000000  0.000000  0.096673  0.000000  0.000000  0.995316

          SUM OF LENGTH FORM                       =   2.3103910D-01
          FINAL OSCILLATOR STRENGTH (GF)           =  -7.9464013D-07
          TRANSITION PROBABILITY IN EMISSION (Aki) =   7.6702193D+02



  2*JI =  4 2*JF =  0
 --------------------

 TRIANGULAR CONDITION NOT SATISFIED 


  2*JI =  2 2*JF =  4
 --------------------

  Line  2s(2).2p(2)3P2_3P - 2s(2).2p(2)3P2_3P
  -------------------------------------------
 2s(2).2p(2)3P2_3P        -> 2s(2).2p(2)3P2_3P         :  2p ->  2p    0.1784211
 2p(4)_3P2                -> 2p(4)_3P2                 :  2p ->  2p    0.0017862
 2s(2).2p(2)3P2_3P        -> 2s(2).2p(2)3P2_3P         :  2p ->  2p   -0.3568422
 2p(4)_3P2                -> 2p(4)_3P2                 :  2p ->  2p   -0.0035724

          ENERGY DIFFERENCE OF THE STATES:           4.3389123D+04 CM-1
                                                     2.3047251D+03 ANGSTROMS
                                                     1.9769719D-01 A. U.

   2s(2).2p(2)3P2_3P  2J =   2
   TOTAL ENERGY =     -940.1384297
     0.000000  0.000000  0.995316  0.000000  0.000000 -0.096673

   2s(2).2p(2)3P2_3P  2J =   4
   TOTAL ENERGY =     -939.9407325
     0.000000 -0.467781  0.878195  0.000000  0.041974 -0.090518

          SUM OF LENGTH FORM                       =   1.9484811D+00
          FINAL OSCILLATOR STRENGTH (GF)           =   3.4184456D-06
          TRANSITION PROBABILITY IN EMISSION (Aki) =   8.5854060D+02



  Line  2s(2).2p(2)3P2_3P - 2s(2).2p(2)1D2_1D
  -------------------------------------------
 2s(2).2p(2)3P2_3P        -> 2s(2).2p(2)3P2_3P         :  2p ->  2p    0.0947275
 2p(4)_3P2                -> 2p(4)_3P2                 :  2p ->  2p    0.0011169
 2s(2).2p(2)3P2_3P        -> 2s(2).2p(2)3P2_3P         :  2p ->  2p   -0.1894550
 2p(4)_3P2                -> 2p(4)_3P2                 :  2p ->  2p   -0.0022338

          ENERGY DIFFERENCE OF THE STATES:           1.6988957D+05 CM-1
                                                     5.8861764D+02 ANGSTROMS
                                                     7.7408090D-01 A. U.

   2s(2).2p(2)3P2_3P  2J =   2
   TOTAL ENERGY =     -940.1384297
     0.000000  0.000000  0.995316  0.000000  0.000000 -0.096673

   2s(2).2p(2)1D2_1D  2J =   4
   TOTAL ENERGY =     -939.3643488
     0.000000  0.877956  0.466252  0.000000 -0.092735 -0.056599

          SUM OF LENGTH FORM                       =   5.5116875D-01
          FINAL OSCILLATOR STRENGTH (GF)           =   3.7861943D-06
          TRANSITION PROBABILITY IN EMISSION (Aki) =   1.4578297D+04



  Line  2s(2).2p(2)3P2_3P - 2p(4)_3P2
  -----------------------------------
 2s(2).2p(2)3P2_3P        -> 2s(2).2p(2)3P2_3P         :  2p ->  2p    0.0210135
 2p(4)_3P2                -> 2p(4)_3P2                 :  2p ->  2p   -0.0186880
 2s(2).2p(2)3P2_3P        -> 2s(2).2p(2)3P2_3P         :  2p ->  2p   -0.0420270
 2p(4)_3P2                -> 2p(4)_3P2                 :  2p ->  2p    0.0373761

          ENERGY DIFFERENCE OF THE STATES:           1.5740247D+06 CM-1
                                                     6.3531404D+01 ANGSTROMS
                                                     7.1718495D+00 A. U.

  Line  2s(2).2p(2)3P2_3P - 2p(4)_1D2
  -----------------------------------
 2s(2).2p(2)3P2_3P        -> 2s(2).2p(2)3P2_3P         :  2p ->  2p   -0.0053201
 2p(4)_3P2                -> 2p(4)_3P2                 :  2p ->  2p    0.0059770
 2s(2).2p(2)3P2_3P        -> 2s(2).2p(2)3P2_3P         :  2p ->  2p    0.0106402
 2p(4)_3P2                -> 2p(4)_3P2                 :  2p ->  2p   -0.0119539

          ENERGY DIFFERENCE OF THE STATES:           1.7506063D+06 CM-1
                                                     5.7123067D+01 ANGSTROMS
                                                     7.9764217D+00 A. U.

  Line  2p(4)_3P2 - 2s(2).2p(2)3P2_3P
  -----------------------------------
 2s(2).2p(2)3P2_3P        -> 2s(2).2p(2)3P2_3P         :  2p ->  2p    0.0173297
 2p(4)_3P2                -> 2p(4)_3P2                 :  2p ->  2p   -0.0183903
 2s(2).2p(2)3P2_3P        -> 2s(2).2p(2)3P2_3P         :  2p ->  2p   -0.0346594
 2p(4)_3P2                -> 2p(4)_3P2                 :  2p ->  2p    0.0367807

          ENERGY DIFFERENCE OF THE STATES:           1.6221556D+06 CM-1
                                                     6.1646368D+01 ANGSTROMS
                                                     7.3911519D+00 A. U.

  Line  2p(4)_3P2 - 2s(2).2p(2)1D2_1D
  -----------------------------------
 2s(2).2p(2)3P2_3P        -> 2s(2).2p(2)3P2_3P         :  2p ->  2p    0.0092007
 2p(4)_3P2                -> 2p(4)_3P2                 :  2p ->  2p   -0.0114991
 2s(2).2p(2)3P2_3P        -> 2s(2).2p(2)3P2_3P         :  2p ->  2p   -0.0184014
 2p(4)_3P2                -> 2p(4)_3P2                 :  2p ->  2p    0.0229982

          ENERGY DIFFERENCE OF THE STATES:           1.4956551D+06 CM-1
                                                     6.6860333D+01 ANGSTROMS
                                                     6.8147682D+00 A. U.

  Line  2p(4)_3P2 - 2p(4)_3P2
  ---------------------------
 2s(2).2p(2)3P2_3P        -> 2s(2).2p(2)3P2_3P         :  2p ->  2p    0.0020410
 2p(4)_3P2                -> 2p(4)_3P2                 :  2p ->  2p    0.1924059
 2s(2).2p(2)3P2_3P        -> 2s(2).2p(2)3P2_3P         :  2p ->  2p   -0.0040820
 2p(4)_3P2                -> 2p(4)_3P2                 :  2p ->  2p   -0.3848119

          ENERGY DIFFERENCE OF THE STATES:           9.1520005D+04 CM-1
                                                     1.0926573D+03 ANGSTROMS
                                                     4.1699962D-01 A. U.

   2p(4)_3P2  2J =   2
   TOTAL ENERGY =     -932.5495806
     0.000000  0.000000  0.096673  0.000000  0.000000  0.995316

   2p(4)_3P2  2J =   4
   TOTAL ENERGY =     -932.9665802
     0.000000  0.037987  0.103429  0.000000  0.301657  0.947028

          SUM OF LENGTH FORM                       =   2.2685766D+00
          FINAL OSCILLATOR STRENGTH (GF)           =  -8.3950072D-06
          TRANSITION PROBABILITY IN EMISSION (Aki) =   1.5634080D+04



  Line  2p(4)_3P2 - 2p(4)_1D2
  ---------------------------
 2s(2).2p(2)3P2_3P        -> 2s(2).2p(2)3P2_3P         :  2p ->  2p   -0.0005167
 2p(4)_3P2                -> 2p(4)_3P2                 :  2p ->  2p   -0.0615369
 2s(2).2p(2)3P2_3P        -> 2s(2).2p(2)3P2_3P         :  2p ->  2p    0.0010335
 2p(4)_3P2                -> 2p(4)_3P2                 :  2p ->  2p    0.1230738

          ENERGY DIFFERENCE OF THE STATES:           8.5061578D+04 CM-1
                                                     1.1756189D+03 ANGSTROMS
                                                     3.8757259D-01 A. U.

   2p(4)_3P2  2J =   2
   TOTAL ENERGY =     -932.5495806
     0.000000  0.000000  0.096673  0.000000  0.000000  0.995316

   2p(4)_1D2  2J =   4
   TOTAL ENERGY =     -932.1620080
     0.000000  0.094510 -0.026186  0.000000  0.947967 -0.302887

          SUM OF LENGTH FORM                       =   2.3103910D-01
          FINAL OSCILLATOR STRENGTH (GF)           =   7.9464013D-07
          TRANSITION PROBABILITY IN EMISSION (Aki) =   7.6702193D+02



  2*JI =  2 2*JF =  2
 --------------------

  Line  2s(2).2p(2)3P2_3P - 2s(2).2p(2)3P2_3P
  -------------------------------------------
 2s(2).2p(2)3P2_3P        -> 2s(2).2p(2)3P2_3P         :  2p ->  2p    0.2022165
 2p(4)_3P2                -> 2p(4)_3P2                 :  2p ->  2p    0.0019077
 2s(2).2p(2)3P2_3P        -> 2s(2).2p(2)3P2_3P         :  2p ->  2p    0.4044329
 2p(4)_3P2                -> 2p(4)_3P2                 :  2p ->  2p    0.0038154

  2*JI =  2 2*JF =  0
 --------------------

  Line  2s(2).2p(2)3P2_3P - 2s(2).2p(2)3P2_3P
  -------------------------------------------
 2s(2).2p(2)3P2_3P        -> 2s(2).2p(2)3P2_3P         :  2p ->  2p   -0.3846917
 2p(4)_3P2                -> 2p(4)_3P2                 :  2p ->  2p   -0.0035348
 2s(2).2p(2)3P2_3P        -> 2s(2).2p(2)3P2_3P         :  2p ->  2p    0.7693834
 2p(4)_3P2                -> 2p(4)_3P2                 :  2p ->  2p    0.0070695

          ENERGY DIFFERENCE OF THE STATES:           7.1564153D+04 CM-1
                                                     1.3973476D+03 ANGSTROMS
                                                     3.2607324D-01 A. U.

   2s(2).2p(2)3P2_3P  2J =   2
   TOTAL ENERGY =     -940.1384297
     0.000000  0.000000  0.995316  0.000000  0.000000 -0.096673

   2s(2).2p(2)3P2_3P  2J =   0
   TOTAL ENERGY =     -940.4645030
     0.304404  0.000000  0.946733  0.054900  0.000000 -0.089563

          SUM OF LENGTH FORM                       =   1.8086376D+00
          FINAL OSCILLATOR STRENGTH (GF)           =  -5.2335776D-06
          TRANSITION PROBABILITY IN EMISSION (Aki) =   5.9594875D+03



  Line  2s(2).2p(2)3P2_3P - 2s(2).2p(2)1S0_1S
  -------------------------------------------
 2s(2).2p(2)3P2_3P        -> 2s(2).2p(2)3P2_3P         :  2p ->  2p    0.1253980
 2p(4)_3P2                -> 2p(4)_3P2                 :  2p ->  2p    0.0008463
 2s(2).2p(2)3P2_3P        -> 2s(2).2p(2)3P2_3P         :  2p ->  2p   -0.2507959
 2p(4)_3P2                -> 2p(4)_3P2                 :  2p ->  2p   -0.0016927

          ENERGY DIFFERENCE OF THE STATES:           2.8927331D+05 CM-1
                                                     3.4569383D+02 ANGSTROMS
                                                     1.3180382D+00 A. U.

   2s(2).2p(2)3P2_3P  2J =   2
   TOTAL ENERGY =     -940.1384297
     0.000000  0.000000  0.995316  0.000000  0.000000 -0.096673

   2s(2).2p(2)1S0_1S  2J =   0
   TOTAL ENERGY =     -938.8203915
     0.932451  0.000000 -0.308607  0.186646  0.000000  0.021444

          SUM OF LENGTH FORM                       =   1.9125152D-01
          FINAL OSCILLATOR STRENGTH (GF)           =   2.2369941D-06
          TRANSITION PROBABILITY IN EMISSION (Aki) =   1.2485962D+05



  Line  2s(2).2p(2)3P2_3P - 2p(4)_3P2
  -----------------------------------
 2s(2).2p(2)3P2_3P        -> 2s(2).2p(2)3P2_3P         :  2p ->  2p   -0.0341215
 2p(4)_3P2                -> 2p(4)_3P2                 :  2p ->  2p    0.0367971
 2s(2).2p(2)3P2_3P        -> 2s(2).2p(2)3P2_3P         :  2p ->  2p    0.0682429
 2p(4)_3P2                -> 2p(4)_3P2                 :  2p ->  2p   -0.0735943

          ENERGY DIFFERENCE OF THE STATES:           1.6629322D+06 CM-1
                                                     6.0134744D+01 ANGSTROMS
                                                     7.5769454D+00 A. U.

  Line  2s(2).2p(2)3P2_3P - 2p(4)_1S0
  -----------------------------------
 2s(2).2p(2)3P2_3P        -> 2s(2).2p(2)3P2_3P         :  2p ->  2p   -0.0152454
 2p(4)_3P2                -> 2p(4)_3P2                 :  2p ->  2p    0.0137977
 2s(2).2p(2)3P2_3P        -> 2s(2).2p(2)3P2_3P         :  2p ->  2p    0.0304907
 2p(4)_3P2                -> 2p(4)_3P2                 :  2p ->  2p   -0.0275955

          ENERGY DIFFERENCE OF THE STATES:           1.9802018D+06 CM-1
                                                     5.0499904D+01 ANGSTROMS
                                                     9.0225453D+00 A. U.

  Line  2p(4)_3P2 - 2s(2).2p(2)3P2_3P
  -----------------------------------
 2s(2).2p(2)3P2_3P        -> 2s(2).2p(2)3P2_3P         :  2p ->  2p   -0.0373644
 2p(4)_3P2                -> 2p(4)_3P2                 :  2p ->  2p    0.0363928
 2s(2).2p(2)3P2_3P        -> 2s(2).2p(2)3P2_3P         :  2p ->  2p    0.0747288
 2p(4)_3P2                -> 2p(4)_3P2                 :  2p ->  2p   -0.0727857

          ENERGY DIFFERENCE OF THE STATES:           1.7371089D+06 CM-1
                                                     5.7566916D+01 ANGSTROMS
                                                     7.9149224D+00 A. U.

  Line  2p(4)_3P2 - 2s(2).2p(2)1S0_1S
  -----------------------------------
 2s(2).2p(2)3P2_3P        -> 2s(2).2p(2)3P2_3P         :  2p ->  2p    0.0121797
 2p(4)_3P2                -> 2p(4)_3P2                 :  2p ->  2p   -0.0087136
 2s(2).2p(2)3P2_3P        -> 2s(2).2p(2)3P2_3P         :  2p ->  2p   -0.0243593
 2p(4)_3P2                -> 2p(4)_3P2                 :  2p ->  2p    0.0174273

          ENERGY DIFFERENCE OF THE STATES:           1.3762714D+06 CM-1
                                                     7.2660087D+01 ANGSTROMS
                                                     6.2708109D+00 A. U.

  Line  2p(4)_3P2 - 2p(4)_3P2
  ---------------------------
 2s(2).2p(2)3P2_3P        -> 2s(2).2p(2)3P2_3P         :  2p ->  2p   -0.0033142
 2p(4)_3P2                -> 2p(4)_3P2                 :  2p ->  2p   -0.3788515
 2s(2).2p(2)3P2_3P        -> 2s(2).2p(2)3P2_3P         :  2p ->  2p    0.0066283
 2p(4)_3P2                -> 2p(4)_3P2                 :  2p ->  2p    0.7577030

          ENERGY DIFFERENCE OF THE STATES:           2.6125496D+03 CM-1
                                                     3.8276786D+04 ANGSTROMS
                                                     1.1903760D-02 A. U.

   2p(4)_3P2  2J =   2
   TOTAL ENERGY =     -932.5495806
     0.000000  0.000000  0.096673  0.000000  0.000000  0.995316

   2p(4)_3P2  2J =   0
   TOTAL ENERGY =     -932.5614844
     0.075113  0.000000  0.083974 -0.343528  0.000000  0.932360

          SUM OF LENGTH FORM                       =   1.7526072D+00
          FINAL OSCILLATOR STRENGTH (GF)           =  -1.8514020D-07
          TRANSITION PROBABILITY IN EMISSION (Aki) =   2.8096290D-01



  Line  2p(4)_3P2 - 2p(4)_1S0
  ---------------------------
 2s(2).2p(2)3P2_3P        -> 2s(2).2p(2)3P2_3P         :  2p ->  2p   -0.0014808
 2p(4)_3P2                -> 2p(4)_3P2                 :  2p ->  2p   -0.1420571
 2s(2).2p(2)3P2_3P        -> 2s(2).2p(2)3P2_3P         :  2p ->  2p    0.0029615
 2p(4)_3P2                -> 2p(4)_3P2                 :  2p ->  2p    0.2841143

          ENERGY DIFFERENCE OF THE STATES:           3.1465707D+05 CM-1
                                                     3.1780631D+02 ANGSTROMS
                                                     1.4336961D+00 A. U.

   2p(4)_3P2  2J =   2
   TOTAL ENERGY =     -932.5495806
     0.000000  0.000000  0.096673  0.000000  0.000000  0.995316

   2p(4)_1S0  2J =   0
   TOTAL ENERGY =     -931.1158845
    -0.179530  0.000000  0.037519  0.918770  0.000000  0.349605

          SUM OF LENGTH FORM                       =   2.4723754D-01
          FINAL OSCILLATOR STRENGTH (GF)           =   3.1456000D-06
          TRANSITION PROBABILITY IN EMISSION (Aki) =   2.0773941D+05



  2*JI =  0 2*JF =  4
 --------------------

 TRIANGULAR CONDITION NOT SATISFIED 


  2*JI =  0 2*JF =  2
 --------------------

  Line  2s(2).2p(2)3P2_3P - 2s(2).2p(2)3P2_3P
  -------------------------------------------
 2s(2).2p(2)3P2_3P        -> 2s(2).2p(2)3P2_3P         :  2p ->  2p    0.3846917
 2p(4)_3P2                -> 2p(4)_3P2                 :  2p ->  2p    0.0035348
 2s(2).2p(2)3P2_3P        -> 2s(2).2p(2)3P2_3P         :  2p ->  2p   -0.7693834
 2p(4)_3P2                -> 2p(4)_3P2                 :  2p ->  2p   -0.0070695

          ENERGY DIFFERENCE OF THE STATES:           7.1564153D+04 CM-1
                                                     1.3973476D+03 ANGSTROMS
                                                     3.2607324D-01 A. U.

   2s(2).2p(2)3P2_3P  2J =   0
   TOTAL ENERGY =     -940.4645030
     0.304404  0.000000  0.946733  0.054900  0.000000 -0.089563

   2s(2).2p(2)3P2_3P  2J =   2
   TOTAL ENERGY =     -940.1384297
     0.000000  0.000000  0.995316  0.000000  0.000000 -0.096673

          SUM OF LENGTH FORM                       =   1.8086376D+00
          FINAL OSCILLATOR STRENGTH (GF)           =   5.2335776D-06
          TRANSITION PROBABILITY IN EMISSION (Aki) =   5.9594875D+03



  Line  2s(2).2p(2)3P2_3P - 2p(4)_3P2
  -----------------------------------
 2s(2).2p(2)3P2_3P        -> 2s(2).2p(2)3P2_3P         :  2p ->  2p    0.0373644
 2p(4)_3P2                -> 2p(4)_3P2                 :  2p ->  2p   -0.0363928
 2s(2).2p(2)3P2_3P        -> 2s(2).2p(2)3P2_3P         :  2p ->  2p   -0.0747288
 2p(4)_3P2                -> 2p(4)_3P2                 :  2p ->  2p    0.0727857

          ENERGY DIFFERENCE OF THE STATES:           1.7371089D+06 CM-1
                                                     5.7566916D+01 ANGSTROMS
                                                     7.9149224D+00 A. U.

  Line  2s(2).2p(2)1S0_1S - 2s(2).2p(2)3P2_3P
  -------------------------------------------
 2s(2).2p(2)3P2_3P        -> 2s(2).2p(2)3P2_3P         :  2p ->  2p   -0.1253980
 2p(4)_3P2                -> 2p(4)_3P2                 :  2p ->  2p   -0.0008463
 2s(2).2p(2)3P2_3P        -> 2s(2).2p(2)3P2_3P         :  2p ->  2p    0.2507959
 2p(4)_3P2                -> 2p(4)_3P2                 :  2p ->  2p    0.0016927

          ENERGY DIFFERENCE OF THE STATES:           2.8927331D+05 CM-1
                                                     3.4569383D+02 ANGSTROMS
                                                     1.3180382D+00 A. U.

   2s(2).2p(2)1S0_1S  2J =   0
   TOTAL ENERGY =     -938.8203915
     0.932451  0.000000 -0.308607  0.186646  0.000000  0.021444

   2s(2).2p(2)3P2_3P  2J =   2
   TOTAL ENERGY =     -940.1384297
     0.000000  0.000000  0.995316  0.000000  0.000000 -0.096673

          SUM OF LENGTH FORM                       =   1.9125152D-01
          FINAL OSCILLATOR STRENGTH (GF)           =  -2.2369941D-06
          TRANSITION PROBABILITY IN EMISSION (Aki) =   1.2485962D+05



  Line  2s(2).2p(2)1S0_1S - 2p(4)_3P2
  -----------------------------------
 2s(2).2p(2)3P2_3P        -> 2s(2).2p(2)3P2_3P         :  2p ->  2p   -0.0121797
 2p(4)_3P2                -> 2p(4)_3P2                 :  2p ->  2p    0.0087136
 2s(2).2p(2)3P2_3P        -> 2s(2).2p(2)3P2_3P         :  2p ->  2p    0.0243593
 2p(4)_3P2                -> 2p(4)_3P2                 :  2p ->  2p   -0.0174273

          ENERGY DIFFERENCE OF THE STATES:           1.3762714D+06 CM-1
                                                     7.2660087D+01 ANGSTROMS
                                                     6.2708109D+00 A. U.

  Line  2p(4)_3P2 - 2s(2).2p(2)3P2_3P
  -----------------------------------
 2s(2).2p(2)3P2_3P        -> 2s(2).2p(2)3P2_3P         :  2p ->  2p    0.0341215
 2p(4)_3P2                -> 2p(4)_3P2                 :  2p ->  2p   -0.0367971
 2s(2).2p(2)3P2_3P        -> 2s(2).2p(2)3P2_3P         :  2p ->  2p   -0.0682429
 2p(4)_3P2                -> 2p(4)_3P2                 :  2p ->  2p    0.0735943

          ENERGY DIFFERENCE OF THE STATES:           1.6629322D+06 CM-1
                                                     6.0134744D+01 ANGSTROMS
                                                     7.5769454D+00 A. U.

  Line  2p(4)_3P2 - 2p(4)_3P2
  ---------------------------
 2s(2).2p(2)3P2_3P        -> 2s(2).2p(2)3P2_3P         :  2p ->  2p    0.0033142
 2p(4)_3P2                -> 2p(4)_3P2                 :  2p ->  2p    0.3788515
 2s(2).2p(2)3P2_3P        -> 2s(2).2p(2)3P2_3P         :  2p ->  2p   -0.0066283
 2p(4)_3P2                -> 2p(4)_3P2                 :  2p ->  2p   -0.7577030

          ENERGY DIFFERENCE OF THE STATES:           2.6125496D+03 CM-1
                                                     3.8276786D+04 ANGSTROMS
                                                     1.1903760D-02 A. U.

   2p(4)_3P2  2J =   0
   TOTAL ENERGY =     -932.5614844
     0.075113  0.000000  0.083974 -0.343528  0.000000  0.932360

   2p(4)_3P2  2J =   2
   TOTAL ENERGY =     -932.5495806
     0.000000  0.000000  0.096673  0.000000  0.000000  0.995316

          SUM OF LENGTH FORM                       =   1.7526072D+00
          FINAL OSCILLATOR STRENGTH (GF)           =   1.8514020D-07
          TRANSITION PROBABILITY IN EMISSION (Aki) =   2.8096290D-01



  Line  2p(4)_1S0 - 2s(2).2p(2)3P2_3P
  -----------------------------------
 2s(2).2p(2)3P2_3P        -> 2s(2).2p(2)3P2_3P         :  2p ->  2p    0.0152454
 2p(4)_3P2                -> 2p(4)_3P2                 :  2p ->  2p   -0.0137977
 2s(2).2p(2)3P2_3P        -> 2s(2).2p(2)3P2_3P         :  2p ->  2p   -0.0304907
 2p(4)_3P2                -> 2p(4)_3P2                 :  2p ->  2p    0.0275955

          ENERGY DIFFERENCE OF THE STATES:           1.9802018D+06 CM-1
                                                     5.0499904D+01 ANGSTROMS
                                                     9.0225453D+00 A. U.

  Line  2p(4)_1S0 - 2p(4)_3P2
  ---------------------------
 2s(2).2p(2)3P2_3P        -> 2s(2).2p(2)3P2_3P         :  2p ->  2p    0.0014808
 2p(4)_3P2                -> 2p(4)_3P2                 :  2p ->  2p    0.1420571
 2s(2).2p(2)3P2_3P        -> 2s(2).2p(2)3P2_3P         :  2p ->  2p   -0.0029615
 2p(4)_3P2                -> 2p(4)_3P2                 :  2p ->  2p   -0.2841143

          ENERGY DIFFERENCE OF THE STATES:           3.1465707D+05 CM-1
                                                     3.1780631D+02 ANGSTROMS
                                                     1.4336961D+00 A. U.

   2p(4)_1S0  2J =   0
   TOTAL ENERGY =     -931.1158845
    -0.179530  0.000000  0.037519  0.918770  0.000000  0.349605

   2p(4)_3P2  2J =   2
   TOTAL ENERGY =     -932.5495806
     0.000000  0.000000  0.096673  0.000000  0.000000  0.995316

          SUM OF LENGTH FORM                       =   2.4723754D-01
          FINAL OSCILLATOR STRENGTH (GF)           =  -3.1456000D-06
          TRANSITION PROBABILITY IN EMISSION (Aki) =   2.0773941D+05



  2*JI =  0 2*JF =  0
 --------------------

 TRIANGULAR CONDITION NOT SATISFIED 


          Fe+20    Z = 26.   N =   6


   4 -939.94073253  2s(2).2p(2)3P2_3P
   2 -940.13842972  2s(2).2p(2)3P2_3P
   43389.12 CM-1      2304.73 ANGS(VAC)      2304.02 ANGS(AIR)
 M1  S =  1.94848D+00   GF = -3.41845D-06   AKI =  8.58541D+02


   4 -939.36434882  2s(2).2p(2)1D2_1D
   2 -940.13842972  2s(2).2p(2)3P2_3P
  169889.57 CM-1       588.62 ANGS(VAC)       588.62 ANGS(AIR)
 M1  S =  5.51169D-01   GF = -3.78619D-06   AKI =  1.45783D+04


   4 -932.96658022  2p(4)_3P2
   2 -932.54958060  2p(4)_3P2
   91520.01 CM-1      1092.66 ANGS(VAC)      1092.66 ANGS(AIR)
 M1  S =  2.26858D+00   GF =  8.39501D-06   AKI =  1.56341D+04


   4 -932.16200801  2p(4)_1D2
   2 -932.54958060  2p(4)_3P2
   85061.58 CM-1      1175.62 ANGS(VAC)      1175.62 ANGS(AIR)
 M1  S =  2.31039D-01   GF = -7.94640D-07   AKI =  7.67022D+02


   2 -940.13842972  2s(2).2p(2)3P2_3P
   4 -939.94073253  2s(2).2p(2)3P2_3P
   43389.12 CM-1      2304.73 ANGS(VAC)      2304.02 ANGS(AIR)
 M1  S =  1.94848D+00   GF =  3.41845D-06   AKI =  8.58541D+02


   2 -940.13842972  2s(2).2p(2)3P2_3P
   4 -939.36434882  2s(2).2p(2)1D2_1D
  169889.57 CM-1       588.62 ANGS(VAC)       588.62 ANGS(AIR)
 M1  S =  5.51169D-01   GF =  3.78619D-06   AKI =  1.45783D+04


   2 -932.54958060  2p(4)_3P2
   4 -932.96658022  2p(4)_3P2
   91520.01 CM-1      1092.66 ANGS(VAC)      1092.66 ANGS(AIR)
 M1  S =  2.26858D+00   GF = -8.39501D-06   AKI =  1.56341D+04


   2 -932.54958060  2p(4)_3P2
   4 -932.16200801  2p(4)_1D2
   85061.58 CM-1      1175.62 ANGS(VAC)      1175.62 ANGS(AIR)
 M1  S =  2.31039D-01   GF =  7.94640D-07   AKI =  7.67022D+02


   2 -940.13842972  2s(2).2p(2)3P2_3P
   0 -940.46450296  2s(2).2p(2)3P2_3P
   71564.15 CM-1      1397.35 ANGS(VAC)      1397.35 ANGS(AIR)
 M1  S =  1.80864D+00   GF = -5.23358D-06   AKI =  5.95949D+03


   2 -940.13842972  2s(2).2p(2)3P2_3P
   0 -938.82039154  2s(2).2p(2)1S0_1S
  289273.31 CM-1       345.69 ANGS(VAC)       345.69 ANGS(AIR)
 M1  S =  1.91252D-01   GF =  2.23699D-06   AKI =  1.24860D+05


   2 -932.54958060  2p(4)_3P2
   0 -932.56148436  2p(4)_3P2
    2612.55 CM-1     38276.79 ANGS(VAC)     38266.35 ANGS(AIR)
 M1  S =  1.75261D+00   GF = -1.85140D-07   AKI =  2.80963D-01


   2 -932.54958060  2p(4)_3P2
   0 -931.11588447  2p(4)_1S0
  314657.07 CM-1       317.81 ANGS(VAC)       317.81 ANGS(AIR)
 M1  S =  2.47238D-01   GF =  3.14560D-06   AKI =  2.07739D+05


   0 -940.46450296  2s(2).2p(2)3P2_3P
   2 -940.13842972  2s(2).2p(2)3P2_3P
   71564.15 CM-1      1397.35 ANGS(VAC)      1397.35 ANGS(AIR)
 M1  S =  1.80864D+00   GF =  5.23358D-06   AKI =  5.95949D+03


   0 -938.82039154  2s(2).2p(2)1S0_1S
   2 -940.13842972  2s(2).2p(2)3P2_3P
  289273.31 CM-1       345.69 ANGS(VAC)       345.69 ANGS(AIR)
 M1  S =  1.91252D-01   GF = -2.23699D-06   AKI =  1.24860D+05


   0 -932.56148436  2p(4)_3P2
   2 -932.54958060  2p(4)_3P2
    2612.55 CM-1     38276.79 ANGS(VAC)     38266.35 ANGS(AIR)
 M1  S =  1.75261D+00   GF =  1.85140D-07   AKI =  2.80963D-01


   0 -931.11588447  2p(4)_1S0
   2 -932.54958060  2p(4)_3P2
  314657.07 CM-1       317.81 ANGS(VAC)       317.81 ANGS(AIR)
 M1  S =  2.47238D-01   GF = -3.14560D-06   AKI =  2.07739D+05
*

 Line List for Fe+20  ( Z = 26.) with  6 electrons


--------------------------------------------------------------------------------

 Transition Array
        Multiplet  Line   Type   E(cm-1)     L(air)      S      gf    Aki
--------------------------------------------------------------------------------


 2p(4)                      2p(4)                    
         3P  1S   1.0- 0.0  M1   314657.1      317.8   0.247   0.000 2.08E+05
         1S  3P   0.0- 1.0  M1   314657.1      317.8   0.247   0.000 2.08E+05

 2s(2).2p(2)                2s(2).2p(2)              
         3P  1S   1.0- 0.0  M1   289273.3      345.7   0.191   0.000 1.25E+05
         1S  3P   0.0- 1.0  M1   289273.3      345.7   0.191   0.000 1.25E+05
         3P  1D   1.0- 2.0  M1   169889.6      588.6   0.551   0.000 1.46E+04
         1D  3P   2.0- 1.0  M1   169889.6      588.6   0.551   0.000 1.46E+04

 2p(4)                      2p(4)                    
         3P  3P   1.0- 2.0  M1    91520.0     1092.7   2.269   0.000 1.56E+04
                  2.0- 1.0  M1    91520.0     1092.7   2.269   0.000 1.56E+04
             1D   1.0- 2.0  M1    85061.6     1175.6   0.231   0.000 7.67E+02
         1D  3P   2.0- 1.0  M1    85061.6     1175.6   0.231   0.000 7.67E+02

 2s(2).2p(2)                2s(2).2p(2)              
         3P  3P   0.0- 1.0  M1    71564.1     1397.3   1.809   0.000 5.96E+03
                  1.0- 0.0  M1    71564.1     1397.3   1.809   0.000 5.96E+03
                  2.0- 1.0  M1    43389.1     2304.0   1.948   0.000 8.59E+02
                  1.0- 2.0  M1    43389.1     2304.0   1.948   0.000 8.59E+02

 2p(4)                      2p(4)                    
         3P  3P   0.0- 1.0  M1     2612.6    38266.4   1.753   0.000 2.81E-01
                  1.0- 0.0  M1     2612.6    38266.4   1.753   0.000 2.81E-01
1


 ENERGY LEVELS


 Z =  26       6 electrons



----------------------------------------------------------------
 Configuration         Term  J     Total Energy  Energy Level 
                                      (a.u.)        (cm-1)
----------------------------------------------------------------


 2s(2).2p(2)           3P   0.0    -940.4645030         0.00
                            1.0    -940.1384297     71564.16
                            2.0    -939.9407325    114953.28

                       1D   2.0    -939.3643488    241453.73

                       1S   0.0    -938.8203915    360837.47


 2p(4)                 3P   2.0    -932.9665802   1645588.88
                            0.0    -932.5614844   1734496.38
                            1.0    -932.5495806   1737108.88

                       1D   2.0    -932.1620080   1822170.50

                       1S   0.0    -931.1158845   2051766.00
